INFO - 2023-07-20 01:15:25 --> Session: Class initialized using 'CodeIgniter\Session\Handlers\FileHandler' driver.
INFO - 2023-07-20 01:15:26 --> Session: Class initialized using 'CodeIgniter\Session\Handlers\FileHandler' driver.
ERROR - 2023-07-20 01:15:31 --> mysqli_sql_exception: MySQL server has gone away in D:\PW2\WP\vendor\codeigniter4\framework\system\Database\MySQLi\Connection.php:295
Stack trace:
#0 D:\PW2\WP\vendor\codeigniter4\framework\system\Database\MySQLi\Connection.php(295): mysqli->query('SELECT `pembeli...', 0)
#1 D:\PW2\WP\vendor\codeigniter4\framework\system\Database\BaseConnection.php(692): CodeIgniter\Database\MySQLi\Connection->execute('SELECT `pembeli...')
#2 D:\PW2\WP\vendor\codeigniter4\framework\system\Database\BaseConnection.php(606): CodeIgniter\Database\BaseConnection->simpleQuery('SELECT `pembeli...')
#3 D:\PW2\WP\vendor\codeigniter4\framework\system\Database\BaseBuilder.php(1616): CodeIgniter\Database\BaseConnection->query('SELECT `pembeli...', Array, false)
#4 D:\PW2\WP\app\Models\PembeliModel.php(18): CodeIgniter\Database\BaseBuilder->get()
#5 D:\PW2\WP\app\Controllers\Barang.php(55): App\Models\PembeliModel->getProfil(NULL)
#6 D:\PW2\WP\vendor\codeigniter4\framework\system\CodeIgniter.php(932): App\Controllers\Barang->login()
#7 D:\PW2\WP\vendor\codeigniter4\framework\system\CodeIgniter.php(497): CodeIgniter\CodeIgniter->runController(Object(App\Controllers\Barang))
#8 D:\PW2\WP\vendor\codeigniter4\framework\system\CodeIgniter.php(366): CodeIgniter\CodeIgniter->handleRequest(NULL, Object(Config\Cache), false)
#9 D:\PW2\WP\public\index.php(67): CodeIgniter\CodeIgniter->run()
#10 D:\PW2\WP\vendor\codeigniter4\framework\system\Commands\Server\rewrite.php(47): require_once('D:\\PW2\\WP\\publi...')
#11 {main}
CRITICAL - 2023-07-20 01:15:31 --> MySQL server has gone away
in SYSTEMPATH\Database\MySQLi\Connection.php on line 295.
 1 SYSTEMPATH\Database\MySQLi\Connection.php(295): mysqli->query('SELECT `pembeli`.`id_pembeli`, `pembeli`.`nama`, `pembeli`.`alamat`, `pembeli`.`email`, `pembeli`.`foto_pembeli`, `pembeli`.`fk_id_kecamatan`, `pembeli`.`fk_id_desa`, `pembeli`.`telepon`
FROM `pembeli`
JOIN `users` ON `pembeli`.`email` = `users`.`email`
WHERE `pembeli`.`email` IS NULL', 0)
 2 SYSTEMPATH\Database\BaseConnection.php(692): CodeIgniter\Database\MySQLi\Connection->execute('SELECT `pembeli`.`id_pembeli`, `pembeli`.`nama`, `pembeli`.`alamat`, `pembeli`.`email`, `pembeli`.`foto_pembeli`, `pembeli`.`fk_id_kecamatan`, `pembeli`.`fk_id_desa`, `pembeli`.`telepon`
FROM `pembeli`
JOIN `users` ON `pembeli`.`email` = `users`.`email`
WHERE `pembeli`.`email` IS NULL')
 3 SYSTEMPATH\Database\BaseConnection.php(606): CodeIgniter\Database\BaseConnection->simpleQuery('SELECT `pembeli`.`id_pembeli`, `pembeli`.`nama`, `pembeli`.`alamat`, `pembeli`.`email`, `pembeli`.`foto_pembeli`, `pembeli`.`fk_id_kecamatan`, `pembeli`.`fk_id_desa`, `pembeli`.`telepon`
FROM `pembeli`
JOIN `users` ON `pembeli`.`email` = `users`.`email`
WHERE `pembeli`.`email` IS NULL')
 4 SYSTEMPATH\Database\BaseBuilder.php(1616): CodeIgniter\Database\BaseConnection->query('SELECT `pembeli`.`id_pembeli`, `pembeli`.`nama`, `pembeli`.`alamat`, `pembeli`.`email`, `pembeli`.`foto_pembeli`, `pembeli`.`fk_id_kecamatan`, `pembeli`.`fk_id_desa`, `pembeli`.`telepon`
FROM `pembeli`
JOIN `users` ON `pembeli`.`email` = `users`.`email`
WHERE `pembeli`.`email` IS NULL', [], false)
 5 APPPATH\Models\PembeliModel.php(18): CodeIgniter\Database\BaseBuilder->get()
 6 APPPATH\Controllers\Barang.php(55): App\Models\PembeliModel->getProfil(null)
 7 SYSTEMPATH\CodeIgniter.php(932): App\Controllers\Barang->login()
 8 SYSTEMPATH\CodeIgniter.php(497): CodeIgniter\CodeIgniter->runController(Object(App\Controllers\Barang))
 9 SYSTEMPATH\CodeIgniter.php(366): CodeIgniter\CodeIgniter->handleRequest(null, Object(Config\Cache), false)
10 FCPATH\index.php(67): CodeIgniter\CodeIgniter->run()
11 SYSTEMPATH\Commands\Server\rewrite.php(47): require_once('D:\\PW2\\WP\\public\\index.php')
INFO - 2023-07-20 01:15:31 --> Session: Class initialized using 'CodeIgniter\Session\Handlers\FileHandler' driver.
INFO - 2023-07-20 01:15:32 --> Session: Class initialized using 'CodeIgniter\Session\Handlers\FileHandler' driver.
ERROR - 2023-07-20 01:15:36 --> Error connecting to the database: mysqli_sql_exception: No connection could be made because the target machine actively refused it in D:\PW2\WP\vendor\codeigniter4\framework\system\Database\MySQLi\Connection.php:174
Stack trace:
#0 D:\PW2\WP\vendor\codeigniter4\framework\system\Database\MySQLi\Connection.php(174): mysqli->real_connect('localhost', 'root', '', 'warungpedia', 3306, '', 0)
#1 D:\PW2\WP\vendor\codeigniter4\framework\system\Database\BaseConnection.php(391): CodeIgniter\Database\MySQLi\Connection->connect(false)
#2 D:\PW2\WP\vendor\codeigniter4\framework\system\Database\BaseConnection.php(574): CodeIgniter\Database\BaseConnection->initialize()
#3 D:\PW2\WP\vendor\codeigniter4\framework\system\Database\BaseBuilder.php(1616): CodeIgniter\Database\BaseConnection->query('SELECT `pembeli...', Array, false)
#4 D:\PW2\WP\app\Models\PembeliModel.php(18): CodeIgniter\Database\BaseBuilder->get()
#5 D:\PW2\WP\app\Controllers\Barang.php(55): App\Models\PembeliModel->getProfil(NULL)
#6 D:\PW2\WP\vendor\codeigniter4\framework\system\CodeIgniter.php(932): App\Controllers\Barang->login()
#7 D:\PW2\WP\vendor\codeigniter4\framework\system\CodeIgniter.php(497): CodeIgniter\CodeIgniter->runController(Object(App\Controllers\Barang))
#8 D:\PW2\WP\vendor\codeigniter4\framework\system\CodeIgniter.php(366): CodeIgniter\CodeIgniter->handleRequest(NULL, Object(Config\Cache), false)
#9 D:\PW2\WP\public\index.php(67): CodeIgniter\CodeIgniter->run()
#10 D:\PW2\WP\vendor\codeigniter4\framework\system\Commands\Server\rewrite.php(47): require_once('D:\\PW2\\WP\\publi...')
#11 {main}

Next CodeIgniter\Database\Exceptions\DatabaseException: No connection could be made because the target machine actively refused it in D:\PW2\WP\vendor\codeigniter4\framework\system\Database\MySQLi\Connection.php:218
Stack trace:
#0 D:\PW2\WP\vendor\codeigniter4\framework\system\Database\BaseConnection.php(391): CodeIgniter\Database\MySQLi\Connection->connect(false)
#1 D:\PW2\WP\vendor\codeigniter4\framework\system\Database\BaseConnection.php(574): CodeIgniter\Database\BaseConnection->initialize()
#2 D:\PW2\WP\vendor\codeigniter4\framework\system\Database\BaseBuilder.php(1616): CodeIgniter\Database\BaseConnection->query('SELECT `pembeli...', Array, false)
#3 D:\PW2\WP\app\Models\PembeliModel.php(18): CodeIgniter\Database\BaseBuilder->get()
#4 D:\PW2\WP\app\Controllers\Barang.php(55): App\Models\PembeliModel->getProfil(NULL)
#5 D:\PW2\WP\vendor\codeigniter4\framework\system\CodeIgniter.php(932): App\Controllers\Barang->login()
#6 D:\PW2\WP\vendor\codeigniter4\framework\system\CodeIgniter.php(497): CodeIgniter\CodeIgniter->runController(Object(App\Controllers\Barang))
#7 D:\PW2\WP\vendor\codeigniter4\framework\system\CodeIgniter.php(366): CodeIgniter\CodeIgniter->handleRequest(NULL, Object(Config\Cache), false)
#8 D:\PW2\WP\public\index.php(67): CodeIgniter\CodeIgniter->run()
#9 D:\PW2\WP\vendor\codeigniter4\framework\system\Commands\Server\rewrite.php(47): require_once('D:\\PW2\\WP\\publi...')
#10 {main}
CRITICAL - 2023-07-20 01:15:36 --> Unable to connect to the database.
Main connection [MySQLi]: No connection could be made because the target machine actively refused it
in SYSTEMPATH\Database\BaseConnection.php on line 427.
 1 SYSTEMPATH\Database\BaseConnection.php(574): CodeIgniter\Database\BaseConnection->initialize()
 2 SYSTEMPATH\Database\BaseBuilder.php(1616): CodeIgniter\Database\BaseConnection->query('SELECT `pembeli`.`id_pembeli`, `pembeli`.`nama`, `pembeli`.`alamat`, `pembeli`.`email`, `pembeli`.`foto_pembeli`, `pembeli`.`fk_id_kecamatan`, `pembeli`.`fk_id_desa`, `pembeli`.`telepon`
FROM `pembeli`
JOIN `users` ON `pembeli`.`email` = `users`.`email`
WHERE `pembeli`.`email` IS NULL', [], false)
 3 APPPATH\Models\PembeliModel.php(18): CodeIgniter\Database\BaseBuilder->get()
 4 APPPATH\Controllers\Barang.php(55): App\Models\PembeliModel->getProfil(null)
 5 SYSTEMPATH\CodeIgniter.php(932): App\Controllers\Barang->login()
 6 SYSTEMPATH\CodeIgniter.php(497): CodeIgniter\CodeIgniter->runController(Object(App\Controllers\Barang))
 7 SYSTEMPATH\CodeIgniter.php(366): CodeIgniter\CodeIgniter->handleRequest(null, Object(Config\Cache), false)
 8 FCPATH\index.php(67): CodeIgniter\CodeIgniter->run()
 9 SYSTEMPATH\Commands\Server\rewrite.php(47): require_once('D:\\PW2\\WP\\public\\index.php')
INFO - 2023-07-20 01:15:37 --> Session: Class initialized using 'CodeIgniter\Session\Handlers\FileHandler' driver.
INFO - 2023-07-20 01:15:37 --> Session: Class initialized using 'CodeIgniter\Session\Handlers\FileHandler' driver.
ERROR - 2023-07-20 01:15:41 --> Error connecting to the database: mysqli_sql_exception: No connection could be made because the target machine actively refused it in D:\PW2\WP\vendor\codeigniter4\framework\system\Database\MySQLi\Connection.php:174
Stack trace:
#0 D:\PW2\WP\vendor\codeigniter4\framework\system\Database\MySQLi\Connection.php(174): mysqli->real_connect('localhost', 'root', '', 'warungpedia', 3306, '', 0)
#1 D:\PW2\WP\vendor\codeigniter4\framework\system\Database\BaseConnection.php(391): CodeIgniter\Database\MySQLi\Connection->connect(false)
#2 D:\PW2\WP\vendor\codeigniter4\framework\system\Database\BaseConnection.php(574): CodeIgniter\Database\BaseConnection->initialize()
#3 D:\PW2\WP\vendor\codeigniter4\framework\system\Database\BaseBuilder.php(1616): CodeIgniter\Database\BaseConnection->query('SELECT `pembeli...', Array, false)
#4 D:\PW2\WP\app\Models\PembeliModel.php(18): CodeIgniter\Database\BaseBuilder->get()
#5 D:\PW2\WP\app\Controllers\Barang.php(55): App\Models\PembeliModel->getProfil(NULL)
#6 D:\PW2\WP\vendor\codeigniter4\framework\system\CodeIgniter.php(932): App\Controllers\Barang->login()
#7 D:\PW2\WP\vendor\codeigniter4\framework\system\CodeIgniter.php(497): CodeIgniter\CodeIgniter->runController(Object(App\Controllers\Barang))
#8 D:\PW2\WP\vendor\codeigniter4\framework\system\CodeIgniter.php(366): CodeIgniter\CodeIgniter->handleRequest(NULL, Object(Config\Cache), false)
#9 D:\PW2\WP\public\index.php(67): CodeIgniter\CodeIgniter->run()
#10 D:\PW2\WP\vendor\codeigniter4\framework\system\Commands\Server\rewrite.php(47): require_once('D:\\PW2\\WP\\publi...')
#11 {main}

Next CodeIgniter\Database\Exceptions\DatabaseException: No connection could be made because the target machine actively refused it in D:\PW2\WP\vendor\codeigniter4\framework\system\Database\MySQLi\Connection.php:218
Stack trace:
#0 D:\PW2\WP\vendor\codeigniter4\framework\system\Database\BaseConnection.php(391): CodeIgniter\Database\MySQLi\Connection->connect(false)
#1 D:\PW2\WP\vendor\codeigniter4\framework\system\Database\BaseConnection.php(574): CodeIgniter\Database\BaseConnection->initialize()
#2 D:\PW2\WP\vendor\codeigniter4\framework\system\Database\BaseBuilder.php(1616): CodeIgniter\Database\BaseConnection->query('SELECT `pembeli...', Array, false)
#3 D:\PW2\WP\app\Models\PembeliModel.php(18): CodeIgniter\Database\BaseBuilder->get()
#4 D:\PW2\WP\app\Controllers\Barang.php(55): App\Models\PembeliModel->getProfil(NULL)
#5 D:\PW2\WP\vendor\codeigniter4\framework\system\CodeIgniter.php(932): App\Controllers\Barang->login()
#6 D:\PW2\WP\vendor\codeigniter4\framework\system\CodeIgniter.php(497): CodeIgniter\CodeIgniter->runController(Object(App\Controllers\Barang))
#7 D:\PW2\WP\vendor\codeigniter4\framework\system\CodeIgniter.php(366): CodeIgniter\CodeIgniter->handleRequest(NULL, Object(Config\Cache), false)
#8 D:\PW2\WP\public\index.php(67): CodeIgniter\CodeIgniter->run()
#9 D:\PW2\WP\vendor\codeigniter4\framework\system\Commands\Server\rewrite.php(47): require_once('D:\\PW2\\WP\\publi...')
#10 {main}
CRITICAL - 2023-07-20 01:15:41 --> Unable to connect to the database.
Main connection [MySQLi]: No connection could be made because the target machine actively refused it
in SYSTEMPATH\Database\BaseConnection.php on line 427.
 1 SYSTEMPATH\Database\BaseConnection.php(574): CodeIgniter\Database\BaseConnection->initialize()
 2 SYSTEMPATH\Database\BaseBuilder.php(1616): CodeIgniter\Database\BaseConnection->query('SELECT `pembeli`.`id_pembeli`, `pembeli`.`nama`, `pembeli`.`alamat`, `pembeli`.`email`, `pembeli`.`foto_pembeli`, `pembeli`.`fk_id_kecamatan`, `pembeli`.`fk_id_desa`, `pembeli`.`telepon`
FROM `pembeli`
JOIN `users` ON `pembeli`.`email` = `users`.`email`
WHERE `pembeli`.`email` IS NULL', [], false)
 3 APPPATH\Models\PembeliModel.php(18): CodeIgniter\Database\BaseBuilder->get()
 4 APPPATH\Controllers\Barang.php(55): App\Models\PembeliModel->getProfil(null)
 5 SYSTEMPATH\CodeIgniter.php(932): App\Controllers\Barang->login()
 6 SYSTEMPATH\CodeIgniter.php(497): CodeIgniter\CodeIgniter->runController(Object(App\Controllers\Barang))
 7 SYSTEMPATH\CodeIgniter.php(366): CodeIgniter\CodeIgniter->handleRequest(null, Object(Config\Cache), false)
 8 FCPATH\index.php(67): CodeIgniter\CodeIgniter->run()
 9 SYSTEMPATH\Commands\Server\rewrite.php(47): require_once('D:\\PW2\\WP\\public\\index.php')
INFO - 2023-07-20 01:15:55 --> Session: Class initialized using 'CodeIgniter\Session\Handlers\FileHandler' driver.
INFO - 2023-07-20 01:15:56 --> Session: Class initialized using 'CodeIgniter\Session\Handlers\FileHandler' driver.
INFO - 2023-07-20 01:16:08 --> Session: Class initialized using 'CodeIgniter\Session\Handlers\FileHandler' driver.
INFO - 2023-07-20 01:16:08 --> Session: Class initialized using 'CodeIgniter\Session\Handlers\FileHandler' driver.
INFO - 2023-07-20 01:16:18 --> Session: Class initialized using 'CodeIgniter\Session\Handlers\FileHandler' driver.
INFO - 2023-07-20 01:16:22 --> Session: Class initialized using 'CodeIgniter\Session\Handlers\FileHandler' driver.
INFO - 2023-07-20 01:16:26 --> Session: Class initialized using 'CodeIgniter\Session\Handlers\FileHandler' driver.
INFO - 2023-07-20 01:16:29 --> Session: Class initialized using 'CodeIgniter\Session\Handlers\FileHandler' driver.
INFO - 2023-07-20 01:16:38 --> Session: Class initialized using 'CodeIgniter\Session\Handlers\FileHandler' driver.
INFO - 2023-07-20 01:19:34 --> Session: Class initialized using 'CodeIgniter\Session\Handlers\FileHandler' driver.
INFO - 2023-07-20 01:19:58 --> Session: Class initialized using 'CodeIgniter\Session\Handlers\FileHandler' driver.
INFO - 2023-07-20 01:20:29 --> Session: Class initialized using 'CodeIgniter\Session\Handlers\FileHandler' driver.
INFO - 2023-07-20 01:20:38 --> Session: Class initialized using 'CodeIgniter\Session\Handlers\FileHandler' driver.
